Determining if the pthread_create exist failed with the following output:
Change Dir: /home/est/indigo_workspace/sandbox/test/build/CMakeFiles/CMakeTmp

Run Build Command:/usr/bin/make "cmTryCompileExec2239026901/fast"
make[1]: Entering directory `/home/est/indigo_workspace/sandbox/test/build/CMakeFiles/CMakeTmp'
/usr/bin/make -f CMakeFiles/cmTryCompileExec2239026901.dir/build.make CMakeFiles/cmTryCompileExec2239026901.dir/build
make[2]: Entering directory `/home/est/indigo_workspace/sandbox/test/build/CMakeFiles/CMakeTmp'
/usr/bin/cmake -E cmake_progress_report /home/est/indigo_workspace/sandbox/test/build/CMakeFiles/CMakeTmp/CMakeFiles 1
Building C object CMakeFiles/cmTryCompileExec2239026901.dir/CheckSymbolExists.c.o
/usr/bin/cc    -o CMakeFiles/cmTryCompileExec2239026901.dir/CheckSymbolExists.c.o   -c /home/est/indigo_workspace/sandbox/test/build/CMakeFiles/CMakeTmp/CheckSymbolExists.c
Linking C executable cmTryCompileExec2239026901
/usr/bin/cmake -E cmake_link_script CMakeFiles/cmTryCompileExec2239026901.dir/link.txt --verbose=1
/usr/bin/cc       CMakeFiles/cmTryCompileExec2239026901.dir/CheckSymbolExists.c.o  -o cmTryCompileExec2239026901 -rdynamic 
CMakeFiles/cmTryCompileExec2239026901.dir/CheckSymbolExists.c.o: In function `main':
CheckSymbolExists.c:(.text+0x16): undefined reference to `pthread_create'
make[2]: Leaving directory `/home/est/indigo_workspace/sandbox/test/build/CMakeFiles/CMakeTmp'
make[1]: Leaving directory `/home/est/indigo_workspace/sandbox/test/build/CMakeFiles/CMakeTmp'
collect2: error: ld returned 1 exit status
make[2]: *** [cmTryCompileExec2239026901] Error 1
make[1]: *** [cmTryCompileExec2239026901/fast] Error 2

File /home/est/indigo_workspace/sandbox/test/build/CMakeFiles/CMakeTmp/CheckSymbolExists.c:
/* */
#include <pthread.h>

int main(int argc, char** argv)
{
  (void)argv;
#ifndef pthread_create
  return ((int*)(&pthread_create))[argc];
#else
  (void)argc;
  return 0;
#endif
}

Determining if the function pthread_create exists in the pthreads failed with the following output:
Change Dir: /home/est/indigo_workspace/sandbox/test/build/CMakeFiles/CMakeTmp

Run Build Command:/usr/bin/make "cmTryCompileExec3148421426/fast"
make[1]: Entering directory `/home/est/indigo_workspace/sandbox/test/build/CMakeFiles/CMakeTmp'
/usr/bin/make -f CMakeFiles/cmTryCompileExec3148421426.dir/build.make CMakeFiles/cmTryCompileExec3148421426.dir/build
make[2]: Entering directory `/home/est/indigo_workspace/sandbox/test/build/CMakeFiles/CMakeTmp'
/usr/bin/cmake -E cmake_progress_report /home/est/indigo_workspace/sandbox/test/build/CMakeFiles/CMakeTmp/CMakeFiles 1
Building C object CMakeFiles/cmTryCompileExec3148421426.dir/CheckFunctionExists.c.o
/usr/bin/cc   -DCHECK_FUNCTION_EXISTS=pthread_create   -o CMakeFiles/cmTryCompileExec3148421426.dir/CheckFunctionExists.c.o   -c /usr/share/cmake-2.8/Modules/CheckFunctionExists.c
Linking C executable cmTryCompileExec3148421426
/usr/bin/cmake -E cmake_link_script CMakeFiles/cmTryCompileExec3148421426.dir/link.txt --verbose=1
/usr/bin/cc   -DCHECK_FUNCTION_EXISTS=pthread_create    CMakeFiles/cmTryCompileExec3148421426.dir/CheckFunctionExists.c.o  -o cmTryCompileExec3148421426 -rdynamic -lpthreads 
/usr/bin/ld: cannot find -lpthreads
collect2: error: ld returned 1 exit status
make[2]: Leaving directory `/home/est/indigo_workspace/sandbox/test/build/CMakeFiles/CMakeTmp'
make[1]: Leaving directory `/home/est/indigo_workspace/sandbox/test/build/CMakeFiles/CMakeTmp'
make[2]: *** [cmTryCompileExec3148421426] Error 1
make[1]: *** [cmTryCompileExec3148421426/fast] Error 2


